Start testing: Sep 13 07:36 WIB
----------------------------------------------------------
1/38 Testing: test_status
1/38 Test: test_status
Command: "/tmp/wt-clone/build/tests/test_status"
Directory: /tmp/wt-clone/build/tests
"test_status" start time: Sep 13 07:36 WIB
Output:
----------------------------------------------------------
wt_status: all 38 checks passed
<end of output>
Test time =   0.00 sec
----------------------------------------------------------
Test Passed.
"test_status" end time: Sep 13 07:36 WIB
"test_status" time elapsed: 00:00:00
----------------------------------------------------------

2/38 Testing: test_checked
2/38 Test: test_checked
Command: "/tmp/wt-clone/build/tests/test_checked"
Directory: /tmp/wt-clone/build/tests
"test_checked" start time: Sep 13 07:36 WIB
Output:
----------------------------------------------------------
wt_checked: all 41 checks passed
<end of output>
Test time =   0.00 sec
----------------------------------------------------------
Test Passed.
"test_checked" end time: Sep 13 07:36 WIB
"test_checked" time elapsed: 00:00:00
----------------------------------------------------------

3/38 Testing: test_endian
3/38 Test: test_endian
Command: "/tmp/wt-clone/build/tests/test_endian"
Directory: /tmp/wt-clone/build/tests
"test_endian" start time: Sep 13 07:36 WIB
Output:
----------------------------------------------------------
wt_endian: all 19 checks passed
<end of output>
Test time =   0.00 sec
----------------------------------------------------------
Test Passed.
"test_endian" end time: Sep 13 07:36 WIB
"test_endian" time elapsed: 00:00:00
----------------------------------------------------------

4/38 Testing: test_cursor
4/38 Test: test_cursor
Command: "/tmp/wt-clone/build/tests/test_cursor"
Directory: /tmp/wt-clone/build/tests
"test_cursor" start time: Sep 13 07:36 WIB
Output:
----------------------------------------------------------
wt_cursor: all 46 checks passed
<end of output>
Test time =   0.00 sec
----------------------------------------------------------
Test Passed.
"test_cursor" end time: Sep 13 07:36 WIB
"test_cursor" time elapsed: 00:00:00
----------------------------------------------------------

5/38 Testing: test_writer
5/38 Test: test_writer
Command: "/tmp/wt-clone/build/tests/test_writer"
Directory: /tmp/wt-clone/build/tests
"test_writer" start time: Sep 13 07:36 WIB
Output:
----------------------------------------------------------
wt_writer: all 30 checks passed
<end of output>
Test time =   0.00 sec
----------------------------------------------------------
Test Passed.
"test_writer" end time: Sep 13 07:36 WIB
"test_writer" time elapsed: 00:00:00
----------------------------------------------------------

6/38 Testing: test_buffer
6/38 Test: test_buffer
Command: "/tmp/wt-clone/build/tests/test_buffer"
Directory: /tmp/wt-clone/build/tests
"test_buffer" start time: Sep 13 07:36 WIB
Output:
----------------------------------------------------------
wt_buffer: all 4160 checks passed
<end of output>
Test time =   0.00 sec
----------------------------------------------------------
Test Passed.
"test_buffer" end time: Sep 13 07:36 WIB
"test_buffer" time elapsed: 00:00:00
----------------------------------------------------------

7/38 Testing: test_allocator
7/38 Test: test_allocator
Command: "/tmp/wt-clone/build/tests/test_allocator"
Directory: /tmp/wt-clone/build/tests
"test_allocator" start time: Sep 13 07:36 WIB
Output:
----------------------------------------------------------
wt_allocator: all 30 checks passed
<end of output>
Test time =   0.00 sec
----------------------------------------------------------
Test Passed.
"test_allocator" end time: Sep 13 07:36 WIB
"test_allocator" time elapsed: 00:00:00
----------------------------------------------------------

8/38 Testing: test_log
8/38 Test: test_log
Command: "/tmp/wt-clone/build/tests/test_log"
Directory: /tmp/wt-clone/build/tests
"test_log" start time: Sep 13 07:36 WIB
Output:
----------------------------------------------------------
wt_log: all 24 checks passed
<end of output>
Test time =   0.00 sec
----------------------------------------------------------
Test Passed.
"test_log" end time: Sep 13 07:36 WIB
"test_log" time elapsed: 00:00:00
----------------------------------------------------------

9/38 Testing: test_time
9/38 Test: test_time
Command: "/tmp/wt-clone/build/tests/test_time"
Directory: /tmp/wt-clone/build/tests
"test_time" start time: Sep 13 07:36 WIB
Output:
----------------------------------------------------------
wt_time: all 1013 checks passed
<end of output>
Test time =   0.00 sec
----------------------------------------------------------
Test Passed.
"test_time" end time: Sep 13 07:36 WIB
"test_time" time elapsed: 00:00:00
----------------------------------------------------------

10/38 Testing: test_version
10/38 Test: test_version
Command: "/tmp/wt-clone/build/tests/test_version"
Directory: /tmp/wt-clone/build/tests
"test_version" start time: Sep 13 07:36 WIB
Output:
----------------------------------------------------------
wt_version: all 8 checks passed
<end of output>
Test time =   0.00 sec
----------------------------------------------------------
Test Passed.
"test_version" end time: Sep 13 07:36 WIB
"test_version" time elapsed: 00:00:00
----------------------------------------------------------

11/38 Testing: test_quic_error
11/38 Test: test_quic_error
Command: "/tmp/wt-clone/build/tests/test_quic_error"
Directory: /tmp/wt-clone/build/tests
"test_quic_error" start time: Sep 13 07:36 WIB
Output:
----------------------------------------------------------
wt_quic_error: all 38 checks passed
<end of output>
Test time =   0.00 sec
----------------------------------------------------------
Test Passed.
"test_quic_error" end time: Sep 13 07:36 WIB
"test_quic_error" time elapsed: 00:00:00
----------------------------------------------------------

12/38 Testing: test_quic_varint
12/38 Test: test_quic_varint
Command: "/tmp/wt-clone/build/tests/test_quic_varint"
Directory: /tmp/wt-clone/build/tests
"test_quic_varint" start time: Sep 13 07:36 WIB
Output:
----------------------------------------------------------
wt_quic_varint: all 95 checks passed
<end of output>
Test time =   0.00 sec
----------------------------------------------------------
Test Passed.
"test_quic_varint" end time: Sep 13 07:36 WIB
"test_quic_varint" time elapsed: 00:00:00
----------------------------------------------------------

13/38 Testing: test_quic_packet_number
13/38 Test: test_quic_packet_number
Command: "/tmp/wt-clone/build/tests/test_quic_packet_number"
Directory: /tmp/wt-clone/build/tests
"test_quic_packet_number" start time: Sep 13 07:36 WIB
Output:
----------------------------------------------------------
wt_quic_packet_number: all 68 checks passed
<end of output>
Test time =   0.00 sec
----------------------------------------------------------
Test Passed.
"test_quic_packet_number" end time: Sep 13 07:36 WIB
"test_quic_packet_number" time elapsed: 00:00:00
----------------------------------------------------------

14/38 Testing: test_quic_frame
14/38 Test: test_quic_frame
Command: "/tmp/wt-clone/build/tests/test_quic_frame"
Directory: /tmp/wt-clone/build/tests
"test_quic_frame" start time: Sep 13 07:36 WIB
Output:
----------------------------------------------------------
wt_quic_frame: all 1331 checks passed
<end of output>
Test time =   0.00 sec
----------------------------------------------------------
Test Passed.
"test_quic_frame" end time: Sep 13 07:36 WIB
"test_quic_frame" time elapsed: 00:00:00
----------------------------------------------------------

15/38 Testing: test_quic_packet
15/38 Test: test_quic_packet
Command: "/tmp/wt-clone/build/tests/test_quic_packet"
Directory: /tmp/wt-clone/build/tests
"test_quic_packet" start time: Sep 13 07:36 WIB
Output:
----------------------------------------------------------
wt_quic_packet: all 121 checks passed
<end of output>
Test time =   0.00 sec
----------------------------------------------------------
Test Passed.
"test_quic_packet" end time: Sep 13 07:36 WIB
"test_quic_packet" time elapsed: 00:00:00
----------------------------------------------------------

16/38 Testing: test_quic_transport_parameters
16/38 Test: test_quic_transport_parameters
Command: "/tmp/wt-clone/build/tests/test_quic_transport_parameters"
Directory: /tmp/wt-clone/build/tests
"test_quic_transport_parameters" start time: Sep 13 07:36 WIB
Output:
----------------------------------------------------------
wt_quic_transport_parameters: all 128 checks passed
<end of output>
Test time =   0.00 sec
----------------------------------------------------------
Test Passed.
"test_quic_transport_parameters" end time: Sep 13 07:36 WIB
"test_quic_transport_parameters" time elapsed: 00:00:00
----------------------------------------------------------

17/38 Testing: test_quic_connection_id
17/38 Test: test_quic_connection_id
Command: "/tmp/wt-clone/build/tests/test_quic_connection_id"
Directory: /tmp/wt-clone/build/tests
"test_quic_connection_id" start time: Sep 13 07:36 WIB
Output:
----------------------------------------------------------
wt_quic_connection_id: all 62 checks passed
<end of output>
Test time =   0.00 sec
----------------------------------------------------------
Test Passed.
"test_quic_connection_id" end time: Sep 13 07:36 WIB
"test_quic_connection_id" time elapsed: 00:00:00
----------------------------------------------------------

18/38 Testing: test_quic_malformed
18/38 Test: test_quic_malformed
Command: "/tmp/wt-clone/build/tests/test_quic_malformed"
Directory: /tmp/wt-clone/build/tests
"test_quic_malformed" start time: Sep 13 07:36 WIB
Output:
----------------------------------------------------------
wt_quic_malformed: all 65342 checks passed
<end of output>
Test time =   0.03 sec
----------------------------------------------------------
Test Passed.
"test_quic_malformed" end time: Sep 13 07:36 WIB
"test_quic_malformed" time elapsed: 00:00:00
----------------------------------------------------------

19/38 Testing: test_quic_pn_space
19/38 Test: test_quic_pn_space
Command: "/tmp/wt-clone/build/tests/test_quic_pn_space"
Directory: /tmp/wt-clone/build/tests
"test_quic_pn_space" start time: Sep 13 07:36 WIB
Output:
----------------------------------------------------------
wt_quic_pn_space: all 176 checks passed
<end of output>
Test time =   0.00 sec
----------------------------------------------------------
Test Passed.
"test_quic_pn_space" end time: Sep 13 07:36 WIB
"test_quic_pn_space" time elapsed: 00:00:00
----------------------------------------------------------

20/38 Testing: test_quic_loss
20/38 Test: test_quic_loss
Command: "/tmp/wt-clone/build/tests/test_quic_loss"
Directory: /tmp/wt-clone/build/tests
"test_quic_loss" start time: Sep 13 07:36 WIB
Output:
----------------------------------------------------------
wt_quic_loss: all 169 checks passed
<end of output>
Test time =   0.00 sec
----------------------------------------------------------
Test Passed.
"test_quic_loss" end time: Sep 13 07:36 WIB
"test_quic_loss" time elapsed: 00:00:00
----------------------------------------------------------

21/38 Testing: test_quic_congestion
21/38 Test: test_quic_congestion
Command: "/tmp/wt-clone/build/tests/test_quic_congestion"
Directory: /tmp/wt-clone/build/tests
"test_quic_congestion" start time: Sep 13 07:36 WIB
Output:
----------------------------------------------------------
wt_quic_congestion: all 88 checks passed
<end of output>
Test time =   0.00 sec
----------------------------------------------------------
Test Passed.
"test_quic_congestion" end time: Sep 13 07:36 WIB
"test_quic_congestion" time elapsed: 00:00:00
----------------------------------------------------------

22/38 Testing: test_quic_stream
22/38 Test: test_quic_stream
Command: "/tmp/wt-clone/build/tests/test_quic_stream"
Directory: /tmp/wt-clone/build/tests
"test_quic_stream" start time: Sep 13 07:36 WIB
Output:
----------------------------------------------------------
wt_quic_stream: all 196 checks passed
<end of output>
Test time =   0.00 sec
----------------------------------------------------------
Test Passed.
"test_quic_stream" end time: Sep 13 07:36 WIB
"test_quic_stream" time elapsed: 00:00:00
----------------------------------------------------------

23/38 Testing: test_quic_datagram
23/38 Test: test_quic_datagram
Command: "/tmp/wt-clone/build/tests/test_quic_datagram"
Directory: /tmp/wt-clone/build/tests
"test_quic_datagram" start time: Sep 13 07:36 WIB
Output:
----------------------------------------------------------
wt_quic_datagram: all 103 checks passed
<end of output>
Test time =   0.00 sec
----------------------------------------------------------
Test Passed.
"test_quic_datagram" end time: Sep 13 07:36 WIB
"test_quic_datagram" time elapsed: 00:00:00
----------------------------------------------------------

24/38 Testing: test_quic_close
24/38 Test: test_quic_close
Command: "/tmp/wt-clone/build/tests/test_quic_close"
Directory: /tmp/wt-clone/build/tests
"test_quic_close" start time: Sep 13 07:36 WIB
Output:
----------------------------------------------------------
wt_quic_close: all 53 checks passed
<end of output>
Test time =   0.00 sec
----------------------------------------------------------
Test Passed.
"test_quic_close" end time: Sep 13 07:36 WIB
"test_quic_close" time elapsed: 00:00:00
----------------------------------------------------------

25/38 Testing: test_quic_packet_io
25/38 Test: test_quic_packet_io
Command: "/tmp/wt-clone/build/tests/test_quic_packet_io"
Directory: /tmp/wt-clone/build/tests
"test_quic_packet_io" start time: Sep 13 07:36 WIB
Output:
----------------------------------------------------------
wt_quic_packet_io: all 150 checks passed
<end of output>
Test time =   0.00 sec
----------------------------------------------------------
Test Passed.
"test_quic_packet_io" end time: Sep 13 07:36 WIB
"test_quic_packet_io" time elapsed: 00:00:00
----------------------------------------------------------

26/38 Testing: test_quic_connection
26/38 Test: test_quic_connection
Command: "/tmp/wt-clone/build/tests/test_quic_connection"
Directory: /tmp/wt-clone/build/tests
"test_quic_connection" start time: Sep 13 07:36 WIB
Output:
----------------------------------------------------------
FAIL the packet builds: expected ok, got invalid-argument
FAIL the socket becomes readable: expected ok, got timeout
FAIL and the connection reads the datagram: expected ok, got again
FAIL and the ID is marked retired: expected true
FAIL the packet builds: expected ok, got invalid-argument
FAIL the socket becomes readable: expected ok, got timeout
FAIL and the connection reads the datagram: expected ok, got again
FAIL retiring twice closes the connection: want 1, got 0
FAIL with a protocol violation: want 10, got 0
FAIL the packet builds: expected ok, got invalid-argument
FAIL the socket becomes readable: expected ok, got timeout
FAIL and the connection reads the datagram: expected ok, got again
FAIL a sequence never issued closes the connection: want 10, got 0
wt_quic_connection: 13 of 755 checks FAILED
<end of output>
Test time =   6.01 sec
----------------------------------------------------------
Test Failed.
"test_quic_connection" end time: Sep 13 07:36 WIB
"test_quic_connection" time elapsed: 00:00:06
----------------------------------------------------------

27/38 Testing: test_quic_crypto_stream
27/38 Test: test_quic_crypto_stream
Command: "/tmp/wt-clone/build/tests/test_quic_crypto_stream"
Directory: /tmp/wt-clone/build/tests
"test_quic_crypto_stream" start time: Sep 13 07:36 WIB
Output:
----------------------------------------------------------
wt_quic_crypto_stream: all 97 checks passed
<end of output>
Test time =   0.01 sec
----------------------------------------------------------
Test Passed.
"test_quic_crypto_stream" end time: Sep 13 07:36 WIB
"test_quic_crypto_stream" time elapsed: 00:00:00
----------------------------------------------------------

28/38 Testing: test_quic_handshake
28/38 Test: test_quic_handshake
Command: "/tmp/wt-clone/build/tests/test_quic_handshake"
Directory: /tmp/wt-clone/build/tests
"test_quic_handshake" start time: Sep 13 07:36 WIB
Output:
----------------------------------------------------------
wt_quic_handshake: all 230 checks passed
<end of output>
Test time =   0.28 sec
----------------------------------------------------------
Test Passed.
"test_quic_handshake" end time: Sep 13 07:36 WIB
"test_quic_handshake" time elapsed: 00:00:00
----------------------------------------------------------

29/38 Testing: test_quic_peer_limits
29/38 Test: test_quic_peer_limits
Command: "/tmp/wt-clone/build/tests/test_quic_peer_limits"
Directory: /tmp/wt-clone/build/tests
"test_quic_peer_limits" start time: Sep 13 07:36 WIB
Output:
----------------------------------------------------------
wt_quic_peer_limits: all 57 checks passed
<end of output>
Test time =   0.01 sec
----------------------------------------------------------
Test Passed.
"test_quic_peer_limits" end time: Sep 13 07:36 WIB
"test_quic_peer_limits" time elapsed: 00:00:00
----------------------------------------------------------

30/38 Testing: test_crypto
30/38 Test: test_crypto
Command: "/tmp/wt-clone/build/tests/test_crypto"
Directory: /tmp/wt-clone/build/tests
"test_crypto" start time: Sep 13 07:36 WIB
Output:
----------------------------------------------------------
wt_crypto: all 264 checks passed
<end of output>
Test time =   0.01 sec
----------------------------------------------------------
Test Passed.
"test_crypto" end time: Sep 13 07:36 WIB
"test_crypto" time elapsed: 00:00:00
----------------------------------------------------------

31/38 Testing: test_quic_protection
31/38 Test: test_quic_protection
Command: "/tmp/wt-clone/build/tests/test_quic_protection"
Directory: /tmp/wt-clone/build/tests
"test_quic_protection" start time: Sep 13 07:36 WIB
Output:
----------------------------------------------------------
wt_quic_protection: all 179 checks passed
<end of output>
Test time =   0.01 sec
----------------------------------------------------------
Test Passed.
"test_quic_protection" end time: Sep 13 07:36 WIB
"test_quic_protection" time elapsed: 00:00:00
----------------------------------------------------------

32/38 Testing: test_tls13_keyschedule
32/38 Test: test_tls13_keyschedule
Command: "/tmp/wt-clone/build/tests/test_tls13_keyschedule"
Directory: /tmp/wt-clone/build/tests
"test_tls13_keyschedule" start time: Sep 13 07:36 WIB
Output:
----------------------------------------------------------
wt_tls13_keyschedule: all 361 checks passed
<end of output>
Test time =   0.01 sec
----------------------------------------------------------
Test Passed.
"test_tls13_keyschedule" end time: Sep 13 07:36 WIB
"test_tls13_keyschedule" time elapsed: 00:00:00
----------------------------------------------------------

33/38 Testing: test_tls13_handshake
33/38 Test: test_tls13_handshake
Command: "/tmp/wt-clone/build/tests/test_tls13_handshake"
Directory: /tmp/wt-clone/build/tests
"test_tls13_handshake" start time: Sep 13 07:36 WIB
Output:
----------------------------------------------------------
wt_tls13_handshake: all 163 checks passed
<end of output>
Test time =   0.00 sec
----------------------------------------------------------
Test Passed.
"test_tls13_handshake" end time: Sep 13 07:36 WIB
"test_tls13_handshake" time elapsed: 00:00:00
----------------------------------------------------------

34/38 Testing: test_tls13_keyshare
34/38 Test: test_tls13_keyshare
Command: "/tmp/wt-clone/build/tests/test_tls13_keyshare"
Directory: /tmp/wt-clone/build/tests
"test_tls13_keyshare" start time: Sep 13 07:36 WIB
Output:
----------------------------------------------------------
wt_tls13_keyshare: all 50 checks passed
<end of output>
Test time =   0.01 sec
----------------------------------------------------------
Test Passed.
"test_tls13_keyshare" end time: Sep 13 07:36 WIB
"test_tls13_keyshare" time elapsed: 00:00:00
----------------------------------------------------------

35/38 Testing: test_tls13_trust
35/38 Test: test_tls13_trust
Command: "/tmp/wt-clone/build/tests/test_tls13_trust"
Directory: /tmp/wt-clone/build/tests
"test_tls13_trust" start time: Sep 13 07:36 WIB
Output:
----------------------------------------------------------
wt_tls13_trust: all 76 checks passed
<end of output>
Test time =   0.01 sec
----------------------------------------------------------
Test Passed.
"test_tls13_trust" end time: Sep 13 07:36 WIB
"test_tls13_trust" time elapsed: 00:00:00
----------------------------------------------------------

36/38 Testing: test_tls13_session
36/38 Test: test_tls13_session
Command: "/tmp/wt-clone/build/tests/test_tls13_session"
Directory: /tmp/wt-clone/build/tests
"test_tls13_session" start time: Sep 13 07:36 WIB
Output:
----------------------------------------------------------
wt_tls13_session: all 81 checks passed
<end of output>
Test time =   0.01 sec
----------------------------------------------------------
Test Passed.
"test_tls13_session" end time: Sep 13 07:36 WIB
"test_tls13_session" time elapsed: 00:00:00
----------------------------------------------------------

37/38 Testing: test_tls13_server
37/38 Test: test_tls13_server
Command: "/tmp/wt-clone/build/tests/test_tls13_server"
Directory: /tmp/wt-clone/build/tests
"test_tls13_server" start time: Sep 13 07:36 WIB
Output:
----------------------------------------------------------
wt_tls13_server: all 88 checks passed
<end of output>
Test time =   0.01 sec
----------------------------------------------------------
Test Passed.
"test_tls13_server" end time: Sep 13 07:36 WIB
"test_tls13_server" time elapsed: 00:00:00
----------------------------------------------------------

38/38 Testing: test_runtime_udp
38/38 Test: test_runtime_udp
Command: "/tmp/wt-clone/build/tests/test_runtime_udp"
Directory: /tmp/wt-clone/build/tests
"test_runtime_udp" start time: Sep 13 07:36 WIB
Output:
----------------------------------------------------------
wt_runtime_udp: all 177 checks passed
<end of output>
Test time =   0.01 sec
----------------------------------------------------------
Test Passed.
"test_runtime_udp" end time: Sep 13 07:36 WIB
"test_runtime_udp" time elapsed: 00:00:00
----------------------------------------------------------

End testing: Sep 13 07:36 WIB
